2024-04-29 11:14:12.287 [info] Added views:workbench.panel.markers.view in workbench.panel.markers
2024-04-29 11:14:12.287 [info] Added views:workbench.panel.output in workbench.panel.output
2024-04-29 11:14:12.287 [info] Added views:terminal in terminal
2024-04-29 11:14:12.287 [info] Added views:outline in workbench.view.explorer
2024-04-29 11:14:12.287 [info] Added views:workbench.scm in workbench.view.scm
2024-04-29 11:14:12.287 [info] Added views:workbench.view.search in workbench.view.search
2024-04-29 11:14:12.287 [info] Added views:timeline in workbench.view.explorer
2024-04-29 11:14:12.287 [info] Added views:workbench.explorer.emptyView in workbench.view.explorer
2024-04-29 11:14:12.539 [info] Added views:workbench.debug.welcome in workbench.view.debug
2024-04-29 11:14:12.679 [info] Added views:workbench.panel.repl.view in workbench.panel.repl
2024-04-29 11:14:12.895 [info] Added views:~remote.forwardedPorts in ~remote.forwardedPortsContainer
2024-04-29 11:15:28.962 [info] Added views:workbench.views.extensions.installed,workbench.views.extensions.popular,extensions.recommendedList in workbench.view.extensions
2024-04-29 11:15:28.967 [info] Removed views:workbench.views.extensions.popular from workbench.view.extensions
2024-04-29 11:15:30.041 [info] Removed views:extensions.recommendedList,workbench.views.extensions.installed from workbench.view.extensions
2024-04-29 11:15:30.058 [info] Added views:workbench.views.extensions.marketplace in workbench.view.extensions
2024-04-29 11:15:45.221 [info] Removed views:workbench.views.extensions.marketplace from workbench.view.extensions
2024-04-29 11:15:45.230 [info] Added views:workbench.views.extensions.installed,extensions.recommendedList in workbench.view.extensions
2024-04-29 11:15:47.004 [info] Removed views:extensions.recommendedList,workbench.views.extensions.installed from workbench.view.extensions
2024-04-29 11:15:47.010 [info] Added views:workbench.views.extensions.marketplace in workbench.view.extensions
2024-04-29 11:17:35.679 [info] Added views:ansible-creator,lightspeed-explorer-treeview,lightspeed-feedback-webview in workbench.view.extension.ansible-explorer
